-- The C compiler identification is GNU 11.4.0
-- The CXX compiler identification is GNU 11.4.0
-- Detecting C compiler ABI info
-- Detecting C compiler ABI info - done
-- Check for working C compiler: /usr/bin/cc - skipped
-- Detecting C compile features
-- Detecting C compile features - done
-- Detecting CXX compiler ABI info
-- Detecting CXX compiler ABI info - done
-- Check for working CXX compiler: /usr/bin/c++ - skipped
-- Detecting CXX compile features
-- Detecting CXX compile features - done
-- Configuring done (0.2s)
-- Generating done (0.0s)
-- Build files have been written to: /home/yuexin/AddLibrary_823/build/add_lib_static
[ 50%] [32mBuilding CXX object CMakeFiles/Example.dir/Example.cpp.o[0m
[100%] [32m[1mLinking CXX executable Example[0m
/usr/bin/ld: æ‰¾ä¸åˆ° -lMyLib: æ²¡æœ‰é‚£ä¸ªæ–‡ä»¶æˆ–ç›®å½•
collect2: error: ld returned 1 exit status
gmake[2]: *** [CMakeFiles/Example.dir/build.make:97ï¼šExample] é”™è¯¯ 1
gmake[1]: *** [CMakeFiles/Makefile2:83ï¼šCMakeFiles/Example.dir/all] é”™è¯¯ 2
gmake: *** [Makefile:91ï¼šall] é”™è¯¯ 2
